<?xml version="1.0" encoding="UTF-8"?>
<testsuite xmlns:xsi="http://www.w3.org/2001/XMLSchema-instance" xsi:noNamespaceSchemaLocation="https://maven.apache.org/surefire/maven-surefire-plugin/xsd/surefire-test-report.xsd" version="3.0.2" name="org.apache.syncope.core.provisioning.java.DefaultMappingManager_ESTest" time="1.616" tests="49" errors="0" skipped="2" failures="0" flakes="0">
  <properties>
[...]
</properties>
  <testcase name="test00" classname="org.apache.syncope.core.provisioning.java.DefaultMappingManager_ESTest" time="0.97">
    <system-err><![CDATA[[main] ERROR org.evosuite.runtime.classhandling.ClassStateSupport - Found $jacocoInit in class org.apache.commons.lang3.StringUtils
[main] ERROR org.evosuite.runtime.jvm.ShutdownHookHandler - Failed to initialize shutdown hook handling
]]></system-err>
  </testcase>
  <testcase name="test01" classname="org.apache.syncope.core.provisioning.java.DefaultMappingManager_ESTest" time="0.014"/>
  <testcase name="test02" classname="org.apache.syncope.core.provisioning.java.DefaultMappingManager_ESTest" time="0.013">
    <system-err><![CDATA[[Time-limited test] ERROR org.apache.syncope.core.provisioning.api.MappingManager - Could not decode password for null
java.lang.NullPointerException: Cannot invoke "org.apache.syncope.core.persistence.api.entity.user.Account.getPassword()" because "account" is null
	at org.apache.syncope.core.provisioning.java.DefaultMappingManager.decodePassword(DefaultMappingManager.java:467)
	at org.apache.syncope.core.provisioning.java.DefaultMappingManager_ESTest.test02(DefaultMappingManager_ESTest.java:138)
	at java.base/jdk.internal.reflect.DirectMethodHandleAccessor.invoke(DirectMethodHandleAccessor.java:103)
	at java.base/java.lang.reflect.Method.invoke(Method.java:580)
	at org.junit.runners.model.FrameworkMethod$1.runReflectiveCall(FrameworkMethod.java:59)
	at org.junit.internal.runners.model.ReflectiveCallable.run(ReflectiveCallable.java:12)
	at org.junit.runners.model.FrameworkMethod.invokeExplosively(FrameworkMethod.java:56)
	at org.junit.internal.runners.statements.InvokeMethod.evaluate(InvokeMethod.java:17)
	at org.junit.internal.runners.statements.FailOnTimeout$CallableStatement.call(FailOnTimeout.java:299)
	at org.junit.internal.runners.statements.FailOnTimeout$CallableStatement.call(FailOnTimeout.java:293)
	at java.base/java.util.concurrent.FutureTask.run(FutureTask.java:317)
	at java.base/java.lang.Thread.run(Thread.java:1583)
]]></system-err>
  </testcase>
  <testcase name="test03" classname="org.apache.syncope.core.provisioning.java.DefaultMappingManager_ESTest" time="0.009"/>
  <testcase name="test04" classname="org.apache.syncope.core.provisioning.java.DefaultMappingManager_ESTest" time="0.011"/>
  <testcase name="test05" classname="org.apache.syncope.core.provisioning.java.DefaultMappingManager_ESTest" time="0.01"/>
  <testcase name="test06" classname="org.apache.syncope.core.provisioning.java.DefaultMappingManager_ESTest" time="0.01"/>
  <testcase name="test07" classname="org.apache.syncope.core.provisioning.java.DefaultMappingManager_ESTest" time="0.012"/>
  <testcase name="test08" classname="org.apache.syncope.core.provisioning.java.DefaultMappingManager_ESTest" time="0.014">
    <system-err><![CDATA[[Time-limited test] ERROR org.apache.syncope.core.provisioning.api.MappingManager - No mapping configured for Realms
]]></system-err>
  </testcase>
  <testcase name="test09" classname="org.apache.syncope.core.provisioning.java.DefaultMappingManager_ESTest" time="0.007">
    <system-err><![CDATA[[Time-limited test] ERROR org.apache.syncope.core.provisioning.api.MappingManager - Unable to locate conn object key item for Realms
]]></system-err>
  </testcase>
  <testcase name="test10" classname="org.apache.syncope.core.provisioning.java.DefaultMappingManager_ESTest" time="0.008"/>
  <testcase name="test11" classname="org.apache.syncope.core.provisioning.java.DefaultMappingManager_ESTest" time="0.012"/>
  <testcase name="test12" classname="org.apache.syncope.core.provisioning.java.DefaultMappingManager_ESTest" time="0.016"/>
  <testcase name="test13" classname="org.apache.syncope.core.provisioning.java.DefaultMappingManager_ESTest" time="0.019"/>
  <testcase name="test14" classname="org.apache.syncope.core.provisioning.java.DefaultMappingManager_ESTest" time="0.011"/>
  <testcase name="test15" classname="org.apache.syncope.core.provisioning.java.DefaultMappingManager_ESTest" time="0.027"/>
  <testcase name="test16" classname="org.apache.syncope.core.provisioning.java.DefaultMappingManager_ESTest" time="0.012"/>
  <testcase name="test17" classname="org.apache.syncope.core.provisioning.java.DefaultMappingManager_ESTest" time="0.014"/>
  <testcase name="test18" classname="org.apache.syncope.core.provisioning.java.DefaultMappingManager_ESTest" time="0.068"/>
  <testcase name="test19" classname="org.apache.syncope.core.provisioning.java.DefaultMappingManager_ESTest" time="0.0">
    <skipped message="Mock call to apply which was not presented when the test was generated"/>
  </testcase>
  <testcase name="test20" classname="org.apache.syncope.core.provisioning.java.DefaultMappingManager_ESTest" time="0.019"/>
  <testcase name="test21" classname="org.apache.syncope.core.provisioning.java.DefaultMappingManager_ESTest" time="0.011"/>
  <testcase name="test22" classname="org.apache.syncope.core.provisioning.java.DefaultMappingManager_ESTest" time="0.008"/>
  <testcase name="test23" classname="org.apache.syncope.core.provisioning.java.DefaultMappingManager_ESTest" time="0.009"/>
  <testcase name="test24" classname="org.apache.syncope.core.provisioning.java.DefaultMappingManager_ESTest" time="0.008"/>
  <testcase name="test25" classname="org.apache.syncope.core.provisioning.java.DefaultMappingManager_ESTest" time="0.009"/>
  <testcase name="test26" classname="org.apache.syncope.core.provisioning.java.DefaultMappingManager_ESTest" time="0.008"/>
  <testcase name="test27" classname="org.apache.syncope.core.provisioning.java.DefaultMappingManager_ESTest" time="0.0">
    <skipped message="Mock call to apply which was not presented when the test was generated"/>
  </testcase>
  <testcase name="test28" classname="org.apache.syncope.core.provisioning.java.DefaultMappingManager_ESTest" time="0.008"/>
  <testcase name="test29" classname="org.apache.syncope.core.provisioning.java.DefaultMappingManager_ESTest" time="0.009"/>
  <testcase name="test30" classname="org.apache.syncope.core.provisioning.java.DefaultMappingManager_ESTest" time="0.007"/>
  <testcase name="test31" classname="org.apache.syncope.core.provisioning.java.DefaultMappingManager_ESTest" time="0.01">
    <system-err><![CDATA[[Time-limited test] ERROR org.apache.syncope.core.provisioning.api.MappingManager - No mapping configured for Realms
]]></system-err>
  </testcase>
  <testcase name="test32" classname="org.apache.syncope.core.provisioning.java.DefaultMappingManager_ESTest" time="0.008"/>
  <testcase name="test33" classname="org.apache.syncope.core.provisioning.java.DefaultMappingManager_ESTest" time="0.013"/>
  <testcase name="test34" classname="org.apache.syncope.core.provisioning.java.DefaultMappingManager_ESTest" time="0.011"/>
  <testcase name="test35" classname="org.apache.syncope.core.provisioning.java.DefaultMappingManager_ESTest" time="0.01"/>
  <testcase name="test36" classname="org.apache.syncope.core.provisioning.java.DefaultMappingManager_ESTest" time="0.008"/>
  <testcase name="test37" classname="org.apache.syncope.core.provisioning.java.DefaultMappingManager_ESTest" time="0.041"/>
  <testcase name="test38" classname="org.apache.syncope.core.provisioning.java.DefaultMappingManager_ESTest" time="0.011"/>
  <testcase name="test39" classname="org.apache.syncope.core.provisioning.java.DefaultMappingManager_ESTest" time="0.01"/>
  <testcase name="test40" classname="org.apache.syncope.core.provisioning.java.DefaultMappingManager_ESTest" time="0.01"/>
  <testcase name="test41" classname="org.apache.syncope.core.provisioning.java.DefaultMappingManager_ESTest" time="0.006"/>
  <testcase name="test42" classname="org.apache.syncope.core.provisioning.java.DefaultMappingManager_ESTest" time="0.007"/>
  <testcase name="test43" classname="org.apache.syncope.core.provisioning.java.DefaultMappingManager_ESTest" time="0.006"/>
  <testcase name="test44" classname="org.apache.syncope.core.provisioning.java.DefaultMappingManager_ESTest" time="0.006"/>
  <testcase name="test45" classname="org.apache.syncope.core.provisioning.java.DefaultMappingManager_ESTest" time="0.006"/>
  <testcase name="test46" classname="org.apache.syncope.core.provisioning.java.DefaultMappingManager_ESTest" time="0.008"/>
  <testcase name="test47" classname="org.apache.syncope.core.provisioning.java.DefaultMappingManager_ESTest" time="0.009">
    <system-err><![CDATA[[Time-limited test] ERROR org.apache.syncope.core.provisioning.api.MappingManager - Could not decode password for JPALinkedAccount[null]
java.lang.NullPointerException: Cannot invoke "org.apache.syncope.core.persistence.api.EncryptorManager.getInstance()" because "this.encryptorManager" is null
	at org.apache.syncope.core.provisioning.java.DefaultMappingManager.decodePassword(DefaultMappingManager.java:466)
	at org.apache.syncope.core.provisioning.java.DefaultMappingManager.getPasswordAttrValue(DefaultMappingManager.java:479)
	at org.apache.syncope.core.provisioning.java.DefaultMappingManager_ESTest.test47(DefaultMappingManager_ESTest.java:1100)
	at java.base/jdk.internal.reflect.DirectMethodHandleAccessor.invoke(DirectMethodHandleAccessor.java:103)
	at java.base/java.lang.reflect.Method.invoke(Method.java:580)
	at org.junit.runners.model.FrameworkMethod$1.runReflectiveCall(FrameworkMethod.java:59)
	at org.junit.internal.runners.model.ReflectiveCallable.run(ReflectiveCallable.java:12)
	at org.junit.runners.model.FrameworkMethod.invokeExplosively(FrameworkMethod.java:56)
	at org.junit.internal.runners.statements.InvokeMethod.evaluate(InvokeMethod.java:17)
	at org.junit.internal.runners.statements.FailOnTimeout$CallableStatement.call(FailOnTimeout.java:299)
	at org.junit.internal.runners.statements.FailOnTimeout$CallableStatement.call(FailOnTimeout.java:293)
	at java.base/java.util.concurrent.FutureTask.run(FutureTask.java:317)
	at java.base/java.lang.Thread.run(Thread.java:1583)
]]></system-err>
  </testcase>
  <testcase name="test48" classname="org.apache.syncope.core.provisioning.java.DefaultMappingManager_ESTest" time="0.016">
    <system-err><![CDATA[[Time-limited test] ERROR org.apache.syncope.core.provisioning.api.MappingManager - Could not read value of 'name' from JPAAnyObject[null]
java.lang.NullPointerException: Cannot invoke "Object.toString()" because "fieldValue" is null
	at org.apache.syncope.core.provisioning.java.DefaultMappingManager.getIntValues(DefaultMappingManager.java:802)
	at org.apache.syncope.core.provisioning.java.DefaultMappingManager_ESTest.test48(DefaultMappingManager_ESTest.java:1132)
	at java.base/jdk.internal.reflect.DirectMethodHandleAccessor.invoke(DirectMethodHandleAccessor.java:103)
	at java.base/java.lang.reflect.Method.invoke(Method.java:580)
	at org.junit.runners.model.FrameworkMethod$1.runReflectiveCall(FrameworkMethod.java:59)
	at org.junit.internal.runners.model.ReflectiveCallable.run(ReflectiveCallable.java:12)
	at org.junit.runners.model.FrameworkMethod.invokeExplosively(FrameworkMethod.java:56)
	at org.junit.internal.runners.statements.InvokeMethod.evaluate(InvokeMethod.java:17)
	at org.junit.internal.runners.statements.FailOnTimeout$CallableStatement.call(FailOnTimeout.java:299)
	at org.junit.internal.runners.statements.FailOnTimeout$CallableStatement.call(FailOnTimeout.java:293)
	at java.base/java.util.concurrent.FutureTask.run(FutureTask.java:317)
	at java.base/java.lang.Thread.run(Thread.java:1583)
]]></system-err>
  </testcase>
</testsuite>